<?xml version="1.0" encoding="UTF-8"?>
<!-- Generated by org.testng.reporters.JUnitXMLReporter -->
<testsuite hostname="ip-172-31-85-137" ignored="0" name="Default test" tests="3" failures="0" timestamp="2021-10-28T03:43:22 UTC" time="0.051" errors="0">
  <testcase name="CarLoanTest" time="0.004" classname="testNg.Testcase1"/>
  <testcase name="HomeLoneTest" time="0.001" classname="testNg.Testcase1"/>
  <testcase name="HomeLoneTest1" time="0.001" classname="testNg.Testcase1"/>
</testsuite> <!-- Default test -->
